21:15:32 INFO  : Launching XSCT server: xsct.bat -n  -interactive E:\Magisterio\IPD-432\Tarea_4\zynq_vitis_corpocessor\temp_xsdb_launch_script.tcl
21:15:32 INFO  : Platform repository initialization has completed.
21:15:33 INFO  : Registering command handlers for Vitis TCF services
21:15:38 INFO  : XSCT server has started successfully.
21:15:42 INFO  : Successfully done setting XSCT server connection channel  
21:15:42 INFO  : plnx-install-location is set to ''
21:15:42 INFO  : Successfully done query RDI_DATADIR 
21:15:42 INFO  : Successfully done setting workspace for the tool. 
21:17:01 INFO  : Result from executing command 'getProjects': design_1_wrapper
21:17:01 INFO  : Result from executing command 'getPlatforms': 
21:17:01 WARN  : An unexpected exception occurred in the module 'platform project logging'
21:17:02 INFO  : Platform 'design_1_wrapper' is added to custom repositories.
21:17:16 INFO  : Platform 'design_1_wrapper' is added to custom repositories.
21:41:51 INFO  : Launching XSCT server: xsct.bat -n  -interactive E:\Magisterio\IPD-432\Tarea_4\zynq_vitis_corpocessor\temp_xsdb_launch_script.tcl
21:41:58 INFO  : XSCT server has started successfully.
21:41:58 INFO  : Successfully done setting XSCT server connection channel  
21:41:58 INFO  : plnx-install-location is set to ''
21:41:58 INFO  : Successfully done setting workspace for the tool. 
21:41:58 INFO  : Platform repository initialization has completed.
21:41:59 INFO  : Successfully done query RDI_DATADIR 
21:42:02 INFO  : Registering command handlers for Vitis TCF services
23:08:08 INFO  : Result from executing command 'getProjects': design_1_wrapper
23:08:08 INFO  : Result from executing command 'getPlatforms': design_1_wrapper|E:/Magisterio/IPD-432/Tarea_4/zynq_vitis_corpocessor/design_1_wrapper/export/design_1_wrapper/design_1_wrapper.xpfm
23:08:08 INFO  : Checking for BSP changes to sync application flags for project 'zynq_coprocessor'...
23:10:16 INFO  : Connected to target on host '127.0.0.1' and port '3121'.
23:10:17 INFO  : 'targets -set -filter {jtag_cable_name =~ "Digilent Zybo 210279A428F5A" && level==0 && jtag_device_ctx=="jsn-Zybo-210279A428F5A-13722093-0"}' command is executed.
23:10:19 INFO  : Device configured successfully with "E:/Magisterio/IPD-432/Tarea_4/zynq_vitis_corpocessor/zynq_coprocessor/_ide/bitstream/design_1_wrapper.bit"
23:10:33 INFO  : Connected to target on host '127.0.0.1' and port '3121'.
23:10:34 INFO  : Jtag cable 'Digilent Zybo 210279A428F5A' is selected.
23:10:34 INFO  : 'jtag frequency' command is executed.
23:10:34 INFO  : Context for 'APU' is selected.
23:10:34 INFO  : System reset is completed.
23:10:37 INFO  : 'after 3000' command is executed.
23:10:37 INFO  : 'targets -set -filter {jtag_cable_name =~ "Digilent Zybo 210279A428F5A" && level==0 && jtag_device_ctx=="jsn-Zybo-210279A428F5A-13722093-0"}' command is executed.
23:10:38 INFO  : Device configured successfully with "E:/Magisterio/IPD-432/Tarea_4/zynq_vitis_corpocessor/zynq_coprocessor/_ide/bitstream/design_1_wrapper.bit"
23:10:38 INFO  : Context for 'APU' is selected.
23:10:38 INFO  : Hardware design and registers information is loaded from 'E:/Magisterio/IPD-432/Tarea_4/zynq_vitis_corpocessor/design_1_wrapper/export/design_1_wrapper/hw/design_1_wrapper.xsa'.
23:10:38 INFO  : 'configparams force-mem-access 1' command is executed.
23:10:38 INFO  : Context for 'APU' is selected.
23:10:38 INFO  : Sourcing of 'E:/Magisterio/IPD-432/Tarea_4/zynq_vitis_corpocessor/zynq_coprocessor/_ide/psinit/ps7_init.tcl' is done.
23:10:39 INFO  : 'ps7_init' command is executed.
23:10:39 INFO  : 'ps7_post_config' command is executed.
23:10:39 INFO  : Context for processor 'ps7_cortexa9_0' is selected.
23:10:39 INFO  : The application 'E:/Magisterio/IPD-432/Tarea_4/zynq_vitis_corpocessor/zynq_coprocessor/Debug/zynq_coprocessor.elf' is downloaded to processor 'ps7_cortexa9_0'.
23:10:39 INFO  : 'configparams force-mem-access 0' command is executed.
23:10:39 INFO  : ----------------XSDB Script----------------
connect -url tcp:127.0.0.1:3121
targets -set -nocase -filter {name =~"APU*"}
rst -system
after 3000
targets -set -filter {jtag_cable_name =~ "Digilent Zybo 210279A428F5A" && level==0 && jtag_device_ctx=="jsn-Zybo-210279A428F5A-13722093-0"}
fpga -file E:/Magisterio/IPD-432/Tarea_4/zynq_vitis_corpocessor/zynq_coprocessor/_ide/bitstream/design_1_wrapper.bit
targets -set -nocase -filter {name =~"APU*"}
loadhw -hw E:/Magisterio/IPD-432/Tarea_4/zynq_vitis_corpocessor/design_1_wrapper/export/design_1_wrapper/hw/design_1_wrapper.xsa -mem-ranges [list {0x40000000 0xbfffffff}] -regs
configparams force-mem-access 1
targets -set -nocase -filter {name =~"APU*"}
source E:/Magisterio/IPD-432/Tarea_4/zynq_vitis_corpocessor/zynq_coprocessor/_ide/psinit/ps7_init.tcl
ps7_init
ps7_post_config
targets -set -nocase -filter {name =~ "*A9*#0"}
dow E:/Magisterio/IPD-432/Tarea_4/zynq_vitis_corpocessor/zynq_coprocessor/Debug/zynq_coprocessor.elf
configparams force-mem-access 0
----------------End of Script----------------

23:10:39 INFO  : Context for processor 'ps7_cortexa9_0' is selected.
23:10:39 INFO  : 'con' command is executed.
23:10:39 INFO  : ----------------XSDB Script (After Launch)----------------
targets -set -nocase -filter {name =~ "*A9*#0"}
con
----------------End of Script----------------

23:10:39 INFO  : Launch script is exported to file 'E:\Magisterio\IPD-432\Tarea_4\zynq_vitis_corpocessor\zynq_coprocessor_system\_ide\scripts\debugger_zynq_coprocessor-default.tcl'
23:11:01 INFO  : Checking for BSP changes to sync application flags for project 'zynq_coprocessor'...
23:11:14 INFO  : Disconnected from the channel tcfchan#2.
23:11:15 INFO  : Connected to target on host '127.0.0.1' and port '3121'.
23:11:25 INFO  : ----------------XSDB Script----------------
connect -url tcp:127.0.0.1:3121
----------------End of Script----------------

23:11:25 ERROR : Could not find ARM device on the board for connection 'Local'.
Check if the target is in:
1. Split JTAG - No operations are possible with ARM DAP.
2. Non JTAG bootmode - Bootrom may need time to enable DAP.
Please try again.


Troubleshooting hints:
1. Check whether board is connected to system properly.
2. In case of zynq board, check whether Digilent/Xilinx cable switch settings are correct.
3. If you are using Xilinx Platform Cable USB, ensure that status LED is green.
23:11:30 INFO  : Connected to target on host '127.0.0.1' and port '3121'.
23:11:30 INFO  : Jtag cable 'Digilent Zybo 210279A428F5A' is selected.
23:11:30 INFO  : 'jtag frequency' command is executed.
23:11:30 INFO  : Context for 'APU' is selected.
23:11:30 INFO  : System reset is completed.
23:11:33 INFO  : 'after 3000' command is executed.
23:11:33 INFO  : 'targets -set -filter {jtag_cable_name =~ "Digilent Zybo 210279A428F5A" && level==0 && jtag_device_ctx=="jsn-Zybo-210279A428F5A-13722093-0"}' command is executed.
23:11:35 INFO  : Device configured successfully with "E:/Magisterio/IPD-432/Tarea_4/zynq_vitis_corpocessor/zynq_coprocessor/_ide/bitstream/design_1_wrapper.bit"
23:11:35 INFO  : Context for 'APU' is selected.
23:11:35 INFO  : Hardware design and registers information is loaded from 'E:/Magisterio/IPD-432/Tarea_4/zynq_vitis_corpocessor/design_1_wrapper/export/design_1_wrapper/hw/design_1_wrapper.xsa'.
23:11:35 INFO  : 'configparams force-mem-access 1' command is executed.
23:11:35 INFO  : Context for 'APU' is selected.
23:11:35 INFO  : Sourcing of 'E:/Magisterio/IPD-432/Tarea_4/zynq_vitis_corpocessor/zynq_coprocessor/_ide/psinit/ps7_init.tcl' is done.
23:11:35 INFO  : 'ps7_init' command is executed.
23:11:35 INFO  : 'ps7_post_config' command is executed.
23:11:35 INFO  : Context for processor 'ps7_cortexa9_0' is selected.
23:11:35 INFO  : The application 'E:/Magisterio/IPD-432/Tarea_4/zynq_vitis_corpocessor/zynq_coprocessor/Debug/zynq_coprocessor.elf' is downloaded to processor 'ps7_cortexa9_0'.
23:11:36 INFO  : 'configparams force-mem-access 0' command is executed.
23:11:36 INFO  : ----------------XSDB Script----------------
connect -url tcp:127.0.0.1:3121
targets -set -nocase -filter {name =~"APU*"}
rst -system
after 3000
targets -set -filter {jtag_cable_name =~ "Digilent Zybo 210279A428F5A" && level==0 && jtag_device_ctx=="jsn-Zybo-210279A428F5A-13722093-0"}
fpga -file E:/Magisterio/IPD-432/Tarea_4/zynq_vitis_corpocessor/zynq_coprocessor/_ide/bitstream/design_1_wrapper.bit
targets -set -nocase -filter {name =~"APU*"}
loadhw -hw E:/Magisterio/IPD-432/Tarea_4/zynq_vitis_corpocessor/design_1_wrapper/export/design_1_wrapper/hw/design_1_wrapper.xsa -mem-ranges [list {0x40000000 0xbfffffff}] -regs
configparams force-mem-access 1
targets -set -nocase -filter {name =~"APU*"}
source E:/Magisterio/IPD-432/Tarea_4/zynq_vitis_corpocessor/zynq_coprocessor/_ide/psinit/ps7_init.tcl
ps7_init
ps7_post_config
targets -set -nocase -filter {name =~ "*A9*#0"}
dow E:/Magisterio/IPD-432/Tarea_4/zynq_vitis_corpocessor/zynq_coprocessor/Debug/zynq_coprocessor.elf
configparams force-mem-access 0
----------------End of Script----------------

23:11:36 INFO  : Context for processor 'ps7_cortexa9_0' is selected.
23:11:36 INFO  : 'con' command is executed.
23:11:36 INFO  : ----------------XSDB Script (After Launch)----------------
targets -set -nocase -filter {name =~ "*A9*#0"}
con
----------------End of Script----------------

23:11:36 INFO  : Launch script is exported to file 'E:\Magisterio\IPD-432\Tarea_4\zynq_vitis_corpocessor\zynq_coprocessor_system\_ide\scripts\debugger_zynq_coprocessor-default.tcl'
00:37:52 INFO  : Checking for BSP changes to sync application flags for project 'zynq_coprocessor'...
00:39:30 INFO  : Checking for BSP changes to sync application flags for project 'zynq_coprocessor'...
00:40:50 INFO  : Checking for BSP changes to sync application flags for project 'zynq_coprocessor'...
00:41:02 INFO  : Disconnected from the channel tcfchan#3.
00:41:03 INFO  : Connected to target on host '127.0.0.1' and port '3121'.
00:41:12 INFO  : ----------------XSDB Script----------------
connect -url tcp:127.0.0.1:3121
----------------End of Script----------------

00:41:12 ERROR : Could not find ARM device on the board for connection 'Local'.
Check if the target is in:
1. Split JTAG - No operations are possible with ARM DAP.
2. Non JTAG bootmode - Bootrom may need time to enable DAP.
Please try again.


Troubleshooting hints:
1. Check whether board is connected to system properly.
2. In case of zynq board, check whether Digilent/Xilinx cable switch settings are correct.
3. If you are using Xilinx Platform Cable USB, ensure that status LED is green.
00:41:19 INFO  : Connected to target on host '127.0.0.1' and port '3121'.
00:41:19 INFO  : Jtag cable 'Digilent Zybo 210279A428F5A' is selected.
00:41:19 INFO  : 'jtag frequency' command is executed.
00:41:19 INFO  : Context for 'APU' is selected.
00:41:19 INFO  : System reset is completed.
00:41:22 INFO  : 'after 3000' command is executed.
00:41:22 INFO  : 'targets -set -filter {jtag_cable_name =~ "Digilent Zybo 210279A428F5A" && level==0 && jtag_device_ctx=="jsn-Zybo-210279A428F5A-13722093-0"}' command is executed.
00:41:24 INFO  : Device configured successfully with "E:/Magisterio/IPD-432/Tarea_4/zynq_vitis_corpocessor/zynq_coprocessor/_ide/bitstream/design_1_wrapper.bit"
00:41:24 INFO  : Context for 'APU' is selected.
00:41:24 INFO  : Hardware design and registers information is loaded from 'E:/Magisterio/IPD-432/Tarea_4/zynq_vitis_corpocessor/design_1_wrapper/export/design_1_wrapper/hw/design_1_wrapper.xsa'.
00:41:24 INFO  : 'configparams force-mem-access 1' command is executed.
00:41:24 INFO  : Context for 'APU' is selected.
00:41:24 INFO  : Sourcing of 'E:/Magisterio/IPD-432/Tarea_4/zynq_vitis_corpocessor/zynq_coprocessor/_ide/psinit/ps7_init.tcl' is done.
00:41:25 INFO  : 'ps7_init' command is executed.
00:41:25 INFO  : 'ps7_post_config' command is executed.
00:41:25 INFO  : Context for processor 'ps7_cortexa9_0' is selected.
00:41:25 INFO  : The application 'E:/Magisterio/IPD-432/Tarea_4/zynq_vitis_corpocessor/zynq_coprocessor/Debug/zynq_coprocessor.elf' is downloaded to processor 'ps7_cortexa9_0'.
00:41:25 INFO  : 'configparams force-mem-access 0' command is executed.
00:41:25 INFO  : ----------------XSDB Script----------------
connect -url tcp:127.0.0.1:3121
targets -set -nocase -filter {name =~"APU*"}
rst -system
after 3000
targets -set -filter {jtag_cable_name =~ "Digilent Zybo 210279A428F5A" && level==0 && jtag_device_ctx=="jsn-Zybo-210279A428F5A-13722093-0"}
fpga -file E:/Magisterio/IPD-432/Tarea_4/zynq_vitis_corpocessor/zynq_coprocessor/_ide/bitstream/design_1_wrapper.bit
targets -set -nocase -filter {name =~"APU*"}
loadhw -hw E:/Magisterio/IPD-432/Tarea_4/zynq_vitis_corpocessor/design_1_wrapper/export/design_1_wrapper/hw/design_1_wrapper.xsa -mem-ranges [list {0x40000000 0xbfffffff}] -regs
configparams force-mem-access 1
targets -set -nocase -filter {name =~"APU*"}
source E:/Magisterio/IPD-432/Tarea_4/zynq_vitis_corpocessor/zynq_coprocessor/_ide/psinit/ps7_init.tcl
ps7_init
ps7_post_config
targets -set -nocase -filter {name =~ "*A9*#0"}
dow E:/Magisterio/IPD-432/Tarea_4/zynq_vitis_corpocessor/zynq_coprocessor/Debug/zynq_coprocessor.elf
configparams force-mem-access 0
----------------End of Script----------------

00:41:25 INFO  : Context for processor 'ps7_cortexa9_0' is selected.
00:41:25 INFO  : 'con' command is executed.
00:41:25 INFO  : ----------------XSDB Script (After Launch)----------------
targets -set -nocase -filter {name =~ "*A9*#0"}
con
----------------End of Script----------------

00:41:25 INFO  : Launch script is exported to file 'E:\Magisterio\IPD-432\Tarea_4\zynq_vitis_corpocessor\zynq_coprocessor_system\_ide\scripts\debugger_zynq_coprocessor-default.tcl'
00:41:40 INFO  : Disconnected from the channel tcfchan#4.
00:41:41 INFO  : Connected to target on host '127.0.0.1' and port '3121'.
00:41:50 INFO  : ----------------XSDB Script----------------
connect -url tcp:127.0.0.1:3121
----------------End of Script----------------

00:41:50 ERROR : Could not find ARM device on the board for connection 'Local'.
Check if the target is in:
1. Split JTAG - No operations are possible with ARM DAP.
2. Non JTAG bootmode - Bootrom may need time to enable DAP.
Please try again.


Troubleshooting hints:
1. Check whether board is connected to system properly.
2. In case of zynq board, check whether Digilent/Xilinx cable switch settings are correct.
3. If you are using Xilinx Platform Cable USB, ensure that status LED is green.
00:42:01 INFO  : Connected to target on host '127.0.0.1' and port '3121'.
00:42:01 INFO  : Jtag cable 'Digilent Zybo 210279A428F5A' is selected.
00:42:01 INFO  : 'jtag frequency' command is executed.
00:42:01 INFO  : Context for 'APU' is selected.
00:42:01 INFO  : System reset is completed.
00:42:04 INFO  : 'after 3000' command is executed.
00:42:05 INFO  : 'targets -set -filter {jtag_cable_name =~ "Digilent Zybo 210279A428F5A" && level==0 && jtag_device_ctx=="jsn-Zybo-210279A428F5A-13722093-0"}' command is executed.
00:42:06 INFO  : Device configured successfully with "E:/Magisterio/IPD-432/Tarea_4/zynq_vitis_corpocessor/zynq_coprocessor/_ide/bitstream/design_1_wrapper.bit"
00:42:06 INFO  : Context for 'APU' is selected.
00:42:06 INFO  : Hardware design and registers information is loaded from 'E:/Magisterio/IPD-432/Tarea_4/zynq_vitis_corpocessor/design_1_wrapper/export/design_1_wrapper/hw/design_1_wrapper.xsa'.
00:42:06 INFO  : 'configparams force-mem-access 1' command is executed.
00:42:06 INFO  : Context for 'APU' is selected.
00:42:06 INFO  : Sourcing of 'E:/Magisterio/IPD-432/Tarea_4/zynq_vitis_corpocessor/zynq_coprocessor/_ide/psinit/ps7_init.tcl' is done.
00:42:07 INFO  : 'ps7_init' command is executed.
00:42:07 INFO  : 'ps7_post_config' command is executed.
00:42:07 INFO  : Context for processor 'ps7_cortexa9_0' is selected.
00:42:07 INFO  : The application 'E:/Magisterio/IPD-432/Tarea_4/zynq_vitis_corpocessor/zynq_coprocessor/Debug/zynq_coprocessor.elf' is downloaded to processor 'ps7_cortexa9_0'.
00:42:07 INFO  : 'configparams force-mem-access 0' command is executed.
00:42:07 INFO  : ----------------XSDB Script----------------
connect -url tcp:127.0.0.1:3121
targets -set -nocase -filter {name =~"APU*"}
rst -system
after 3000
targets -set -filter {jtag_cable_name =~ "Digilent Zybo 210279A428F5A" && level==0 && jtag_device_ctx=="jsn-Zybo-210279A428F5A-13722093-0"}
fpga -file E:/Magisterio/IPD-432/Tarea_4/zynq_vitis_corpocessor/zynq_coprocessor/_ide/bitstream/design_1_wrapper.bit
targets -set -nocase -filter {name =~"APU*"}
loadhw -hw E:/Magisterio/IPD-432/Tarea_4/zynq_vitis_corpocessor/design_1_wrapper/export/design_1_wrapper/hw/design_1_wrapper.xsa -mem-ranges [list {0x40000000 0xbfffffff}] -regs
configparams force-mem-access 1
targets -set -nocase -filter {name =~"APU*"}
source E:/Magisterio/IPD-432/Tarea_4/zynq_vitis_corpocessor/zynq_coprocessor/_ide/psinit/ps7_init.tcl
ps7_init
ps7_post_config
targets -set -nocase -filter {name =~ "*A9*#0"}
dow E:/Magisterio/IPD-432/Tarea_4/zynq_vitis_corpocessor/zynq_coprocessor/Debug/zynq_coprocessor.elf
configparams force-mem-access 0
----------------End of Script----------------

00:42:07 INFO  : Context for processor 'ps7_cortexa9_0' is selected.
00:42:07 INFO  : 'con' command is executed.
00:42:07 INFO  : ----------------XSDB Script (After Launch)----------------
targets -set -nocase -filter {name =~ "*A9*#0"}
con
----------------End of Script----------------

00:42:07 INFO  : Launch script is exported to file 'E:\Magisterio\IPD-432\Tarea_4\zynq_vitis_corpocessor\zynq_coprocessor_system\_ide\scripts\debugger_zynq_coprocessor-default.tcl'
00:45:34 INFO  : Checking for BSP changes to sync application flags for project 'zynq_coprocessor'...
00:45:41 INFO  : Disconnected from the channel tcfchan#5.
00:45:46 INFO  : Connected to target on host '127.0.0.1' and port '3121'.
00:45:47 INFO  : Jtag cable 'Digilent Zybo 210279A428F5A' is selected.
00:45:47 INFO  : 'jtag frequency' command is executed.
00:45:47 INFO  : Context for 'APU' is selected.
00:45:47 INFO  : System reset is completed.
00:45:50 INFO  : 'after 3000' command is executed.
00:45:50 INFO  : 'targets -set -filter {jtag_cable_name =~ "Digilent Zybo 210279A428F5A" && level==0 && jtag_device_ctx=="jsn-Zybo-210279A428F5A-13722093-0"}' command is executed.
00:45:51 INFO  : Device configured successfully with "E:/Magisterio/IPD-432/Tarea_4/zynq_vitis_corpocessor/zynq_coprocessor/_ide/bitstream/design_1_wrapper.bit"
00:45:51 INFO  : Context for 'APU' is selected.
00:45:51 INFO  : Hardware design and registers information is loaded from 'E:/Magisterio/IPD-432/Tarea_4/zynq_vitis_corpocessor/design_1_wrapper/export/design_1_wrapper/hw/design_1_wrapper.xsa'.
00:45:51 INFO  : 'configparams force-mem-access 1' command is executed.
00:45:51 INFO  : Context for 'APU' is selected.
00:45:51 INFO  : Sourcing of 'E:/Magisterio/IPD-432/Tarea_4/zynq_vitis_corpocessor/zynq_coprocessor/_ide/psinit/ps7_init.tcl' is done.
00:45:52 INFO  : 'ps7_init' command is executed.
00:45:52 INFO  : 'ps7_post_config' command is executed.
00:45:52 INFO  : Context for processor 'ps7_cortexa9_0' is selected.
00:45:53 INFO  : The application 'E:/Magisterio/IPD-432/Tarea_4/zynq_vitis_corpocessor/zynq_coprocessor/Debug/zynq_coprocessor.elf' is downloaded to processor 'ps7_cortexa9_0'.
00:45:53 INFO  : 'configparams force-mem-access 0' command is executed.
00:45:53 INFO  : ----------------XSDB Script----------------
connect -url tcp:127.0.0.1:3121
targets -set -nocase -filter {name =~"APU*"}
rst -system
after 3000
targets -set -filter {jtag_cable_name =~ "Digilent Zybo 210279A428F5A" && level==0 && jtag_device_ctx=="jsn-Zybo-210279A428F5A-13722093-0"}
fpga -file E:/Magisterio/IPD-432/Tarea_4/zynq_vitis_corpocessor/zynq_coprocessor/_ide/bitstream/design_1_wrapper.bit
targets -set -nocase -filter {name =~"APU*"}
loadhw -hw E:/Magisterio/IPD-432/Tarea_4/zynq_vitis_corpocessor/design_1_wrapper/export/design_1_wrapper/hw/design_1_wrapper.xsa -mem-ranges [list {0x40000000 0xbfffffff}] -regs
configparams force-mem-access 1
targets -set -nocase -filter {name =~"APU*"}
source E:/Magisterio/IPD-432/Tarea_4/zynq_vitis_corpocessor/zynq_coprocessor/_ide/psinit/ps7_init.tcl
ps7_init
ps7_post_config
targets -set -nocase -filter {name =~ "*A9*#0"}
dow E:/Magisterio/IPD-432/Tarea_4/zynq_vitis_corpocessor/zynq_coprocessor/Debug/zynq_coprocessor.elf
configparams force-mem-access 0
----------------End of Script----------------

00:45:53 INFO  : Context for processor 'ps7_cortexa9_0' is selected.
00:45:53 INFO  : 'con' command is executed.
00:45:53 INFO  : ----------------XSDB Script (After Launch)----------------
targets -set -nocase -filter {name =~ "*A9*#0"}
con
----------------End of Script----------------

00:45:53 INFO  : Launch script is exported to file 'E:\Magisterio\IPD-432\Tarea_4\zynq_vitis_corpocessor\zynq_coprocessor_system\_ide\scripts\debugger_zynq_coprocessor-default.tcl'
01:22:10 INFO  : Disconnected from the channel tcfchan#6.
01:22:11 INFO  : Connected to target on host '127.0.0.1' and port '3121'.
01:22:20 INFO  : ----------------XSDB Script----------------
connect -url tcp:127.0.0.1:3121
----------------End of Script----------------

01:22:20 ERROR : Could not find FPGA device on the board for connection 'Local'.


Troubleshooting hints:
1. Check whether board is connected to system properly.
2. In case of zynq board, check whether Digilent/Xilinx cable switch settings are correct.
3. If you are using Xilinx Platform Cable USB, ensure that status LED is green.
01:22:40 INFO  : Checking for BSP changes to sync application flags for project 'zynq_coprocessor'...
01:23:57 INFO  : Checking for BSP changes to sync application flags for project 'zynq_coprocessor'...
01:24:09 INFO  : Connected to target on host '127.0.0.1' and port '3121'.
01:24:09 INFO  : Jtag cable 'Digilent Zybo 210279A428F5A' is selected.
01:24:09 INFO  : 'jtag frequency' command is executed.
01:24:09 INFO  : Context for 'APU' is selected.
01:24:09 INFO  : System reset is completed.
01:24:12 INFO  : 'after 3000' command is executed.
01:24:13 INFO  : 'targets -set -filter {jtag_cable_name =~ "Digilent Zybo 210279A428F5A" && level==0 && jtag_device_ctx=="jsn-Zybo-210279A428F5A-13722093-0"}' command is executed.
01:24:14 INFO  : Device configured successfully with "E:/Magisterio/IPD-432/Tarea_4/zynq_vitis_corpocessor/zynq_coprocessor/_ide/bitstream/design_1_wrapper.bit"
01:24:14 INFO  : Context for 'APU' is selected.
01:24:14 INFO  : Hardware design and registers information is loaded from 'E:/Magisterio/IPD-432/Tarea_4/zynq_vitis_corpocessor/design_1_wrapper/export/design_1_wrapper/hw/design_1_wrapper.xsa'.
01:24:14 INFO  : 'configparams force-mem-access 1' command is executed.
01:24:14 INFO  : Context for 'APU' is selected.
01:24:14 INFO  : Sourcing of 'E:/Magisterio/IPD-432/Tarea_4/zynq_vitis_corpocessor/zynq_coprocessor/_ide/psinit/ps7_init.tcl' is done.
01:24:15 INFO  : 'ps7_init' command is executed.
01:24:15 INFO  : 'ps7_post_config' command is executed.
01:24:15 INFO  : Context for processor 'ps7_cortexa9_0' is selected.
01:24:15 INFO  : The application 'E:/Magisterio/IPD-432/Tarea_4/zynq_vitis_corpocessor/zynq_coprocessor/Debug/zynq_coprocessor.elf' is downloaded to processor 'ps7_cortexa9_0'.
01:24:15 INFO  : 'configparams force-mem-access 0' command is executed.
01:24:15 INFO  : ----------------XSDB Script----------------
connect -url tcp:127.0.0.1:3121
targets -set -nocase -filter {name =~"APU*"}
rst -system
after 3000
targets -set -filter {jtag_cable_name =~ "Digilent Zybo 210279A428F5A" && level==0 && jtag_device_ctx=="jsn-Zybo-210279A428F5A-13722093-0"}
fpga -file E:/Magisterio/IPD-432/Tarea_4/zynq_vitis_corpocessor/zynq_coprocessor/_ide/bitstream/design_1_wrapper.bit
targets -set -nocase -filter {name =~"APU*"}
loadhw -hw E:/Magisterio/IPD-432/Tarea_4/zynq_vitis_corpocessor/design_1_wrapper/export/design_1_wrapper/hw/design_1_wrapper.xsa -mem-ranges [list {0x40000000 0xbfffffff}] -regs
configparams force-mem-access 1
targets -set -nocase -filter {name =~"APU*"}
source E:/Magisterio/IPD-432/Tarea_4/zynq_vitis_corpocessor/zynq_coprocessor/_ide/psinit/ps7_init.tcl
ps7_init
ps7_post_config
targets -set -nocase -filter {name =~ "*A9*#0"}
dow E:/Magisterio/IPD-432/Tarea_4/zynq_vitis_corpocessor/zynq_coprocessor/Debug/zynq_coprocessor.elf
configparams force-mem-access 0
----------------End of Script----------------

01:24:15 INFO  : Context for processor 'ps7_cortexa9_0' is selected.
01:24:15 INFO  : 'con' command is executed.
01:24:15 INFO  : ----------------XSDB Script (After Launch)----------------
targets -set -nocase -filter {name =~ "*A9*#0"}
con
----------------End of Script----------------

01:24:15 INFO  : Launch script is exported to file 'E:\Magisterio\IPD-432\Tarea_4\zynq_vitis_corpocessor\zynq_coprocessor_system\_ide\scripts\systemdebugger_zynq_coprocessor_system_standalone.tcl'
01:40:09 INFO  : Checking for BSP changes to sync application flags for project 'zynq_coprocessor'...
01:40:25 INFO  : Connected to target on host '127.0.0.1' and port '3121'.
01:40:25 INFO  : Jtag cable 'Digilent Zybo 210279A428F5A' is selected.
01:40:25 INFO  : 'jtag frequency' command is executed.
01:40:25 INFO  : Context for 'APU' is selected.
01:40:25 INFO  : System reset is completed.
01:40:28 INFO  : 'after 3000' command is executed.
01:40:28 INFO  : 'targets -set -filter {jtag_cable_name =~ "Digilent Zybo 210279A428F5A" && level==0 && jtag_device_ctx=="jsn-Zybo-210279A428F5A-13722093-0"}' command is executed.
01:40:29 INFO  : Device configured successfully with "E:/Magisterio/IPD-432/Tarea_4/zynq_vitis_corpocessor/zynq_coprocessor/_ide/bitstream/design_1_wrapper.bit"
01:40:29 INFO  : Context for 'APU' is selected.
01:40:29 INFO  : Hardware design and registers information is loaded from 'E:/Magisterio/IPD-432/Tarea_4/zynq_vitis_corpocessor/design_1_wrapper/export/design_1_wrapper/hw/design_1_wrapper.xsa'.
01:40:29 INFO  : 'configparams force-mem-access 1' command is executed.
01:40:29 INFO  : Context for 'APU' is selected.
01:40:29 INFO  : Sourcing of 'E:/Magisterio/IPD-432/Tarea_4/zynq_vitis_corpocessor/zynq_coprocessor/_ide/psinit/ps7_init.tcl' is done.
01:40:30 INFO  : 'ps7_init' command is executed.
01:40:30 INFO  : 'ps7_post_config' command is executed.
01:40:30 INFO  : Context for processor 'ps7_cortexa9_0' is selected.
01:40:30 INFO  : The application 'E:/Magisterio/IPD-432/Tarea_4/zynq_vitis_corpocessor/zynq_coprocessor/Debug/zynq_coprocessor.elf' is downloaded to processor 'ps7_cortexa9_0'.
01:40:30 INFO  : 'configparams force-mem-access 0' command is executed.
01:40:30 INFO  : ----------------XSDB Script----------------
connect -url tcp:127.0.0.1:3121
targets -set -nocase -filter {name =~"APU*"}
rst -system
after 3000
targets -set -filter {jtag_cable_name =~ "Digilent Zybo 210279A428F5A" && level==0 && jtag_device_ctx=="jsn-Zybo-210279A428F5A-13722093-0"}
fpga -file E:/Magisterio/IPD-432/Tarea_4/zynq_vitis_corpocessor/zynq_coprocessor/_ide/bitstream/design_1_wrapper.bit
targets -set -nocase -filter {name =~"APU*"}
loadhw -hw E:/Magisterio/IPD-432/Tarea_4/zynq_vitis_corpocessor/design_1_wrapper/export/design_1_wrapper/hw/design_1_wrapper.xsa -mem-ranges [list {0x40000000 0xbfffffff}] -regs
configparams force-mem-access 1
targets -set -nocase -filter {name =~"APU*"}
source E:/Magisterio/IPD-432/Tarea_4/zynq_vitis_corpocessor/zynq_coprocessor/_ide/psinit/ps7_init.tcl
ps7_init
ps7_post_config
targets -set -nocase -filter {name =~ "*A9*#0"}
dow E:/Magisterio/IPD-432/Tarea_4/zynq_vitis_corpocessor/zynq_coprocessor/Debug/zynq_coprocessor.elf
configparams force-mem-access 0
----------------End of Script----------------

01:40:31 INFO  : Context for processor 'ps7_cortexa9_0' is selected.
01:40:31 INFO  : 'con' command is executed.
01:40:31 INFO  : ----------------XSDB Script (After Launch)----------------
targets -set -nocase -filter {name =~ "*A9*#0"}
con
----------------End of Script----------------

01:40:31 INFO  : Launch script is exported to file 'E:\Magisterio\IPD-432\Tarea_4\zynq_vitis_corpocessor\zynq_coprocessor_system\_ide\scripts\debugger_zynq_coprocessor-default.tcl'
01:40:31 INFO  : Disconnected from the channel tcfchan#7.
01:41:07 INFO  : Checking for BSP changes to sync application flags for project 'zynq_coprocessor'...
01:41:24 WARN  : channel "tcfchan#7" closed
01:41:25 INFO  : Connected to target on host '127.0.0.1' and port '3121'.
01:41:27 INFO  : Jtag cable 'Digilent Zybo 210279A428F5A' is selected.
01:41:27 INFO  : 'jtag frequency' command is executed.
01:41:27 INFO  : Context for 'APU' is selected.
01:41:27 INFO  : System reset is completed.
01:41:30 INFO  : 'after 3000' command is executed.
01:41:30 INFO  : 'targets -set -filter {jtag_cable_name =~ "Digilent Zybo 210279A428F5A" && level==0 && jtag_device_ctx=="jsn-Zybo-210279A428F5A-13722093-0"}' command is executed.
01:41:32 INFO  : Device configured successfully with "E:/Magisterio/IPD-432/Tarea_4/zynq_vitis_corpocessor/zynq_coprocessor/_ide/bitstream/design_1_wrapper.bit"
01:41:32 INFO  : Context for 'APU' is selected.
01:41:32 INFO  : Hardware design and registers information is loaded from 'E:/Magisterio/IPD-432/Tarea_4/zynq_vitis_corpocessor/design_1_wrapper/export/design_1_wrapper/hw/design_1_wrapper.xsa'.
01:41:32 INFO  : 'configparams force-mem-access 1' command is executed.
01:41:32 INFO  : Context for 'APU' is selected.
01:41:32 INFO  : Sourcing of 'E:/Magisterio/IPD-432/Tarea_4/zynq_vitis_corpocessor/zynq_coprocessor/_ide/psinit/ps7_init.tcl' is done.
01:41:32 INFO  : 'ps7_init' command is executed.
01:41:32 INFO  : 'ps7_post_config' command is executed.
01:41:32 INFO  : Context for processor 'ps7_cortexa9_0' is selected.
01:41:33 INFO  : The application 'E:/Magisterio/IPD-432/Tarea_4/zynq_vitis_corpocessor/zynq_coprocessor/Debug/zynq_coprocessor.elf' is downloaded to processor 'ps7_cortexa9_0'.
01:41:33 INFO  : 'configparams force-mem-access 0' command is executed.
01:41:33 INFO  : ----------------XSDB Script----------------
connect -url tcp:127.0.0.1:3121
targets -set -nocase -filter {name =~"APU*"}
rst -system
after 3000
targets -set -filter {jtag_cable_name =~ "Digilent Zybo 210279A428F5A" && level==0 && jtag_device_ctx=="jsn-Zybo-210279A428F5A-13722093-0"}
fpga -file E:/Magisterio/IPD-432/Tarea_4/zynq_vitis_corpocessor/zynq_coprocessor/_ide/bitstream/design_1_wrapper.bit
targets -set -nocase -filter {name =~"APU*"}
loadhw -hw E:/Magisterio/IPD-432/Tarea_4/zynq_vitis_corpocessor/design_1_wrapper/export/design_1_wrapper/hw/design_1_wrapper.xsa -mem-ranges [list {0x40000000 0xbfffffff}] -regs
configparams force-mem-access 1
targets -set -nocase -filter {name =~"APU*"}
source E:/Magisterio/IPD-432/Tarea_4/zynq_vitis_corpocessor/zynq_coprocessor/_ide/psinit/ps7_init.tcl
ps7_init
ps7_post_config
targets -set -nocase -filter {name =~ "*A9*#0"}
dow E:/Magisterio/IPD-432/Tarea_4/zynq_vitis_corpocessor/zynq_coprocessor/Debug/zynq_coprocessor.elf
configparams force-mem-access 0
----------------End of Script----------------

01:41:33 INFO  : Context for processor 'ps7_cortexa9_0' is selected.
01:41:33 INFO  : 'con' command is executed.
01:41:33 INFO  : ----------------XSDB Script (After Launch)----------------
targets -set -nocase -filter {name =~ "*A9*#0"}
con
----------------End of Script----------------

01:41:33 INFO  : Launch script is exported to file 'E:\Magisterio\IPD-432\Tarea_4\zynq_vitis_corpocessor\zynq_coprocessor_system\_ide\scripts\systemdebugger_zynq_coprocessor_system_standalone.tcl'
01:42:27 INFO  : Disconnected from the channel tcfchan#8.
01:52:34 INFO  : Connected to target on host '127.0.0.1' and port '3121'.
01:52:34 INFO  : Jtag cable 'Digilent Zybo 210279A428F5A' is selected.
01:52:34 INFO  : 'jtag frequency' command is executed.
01:52:34 INFO  : Context for 'APU' is selected.
01:52:34 INFO  : System reset is completed.
01:52:37 INFO  : 'after 3000' command is executed.
01:52:38 INFO  : 'targets -set -filter {jtag_cable_name =~ "Digilent Zybo 210279A428F5A" && level==0 && jtag_device_ctx=="jsn-Zybo-210279A428F5A-13722093-0"}' command is executed.
01:52:39 INFO  : Device configured successfully with "E:/Magisterio/IPD-432/Tarea_4/zynq_vitis_corpocessor/zynq_coprocessor/_ide/bitstream/design_1_wrapper.bit"
01:52:39 INFO  : Context for 'APU' is selected.
01:52:39 INFO  : Hardware design and registers information is loaded from 'E:/Magisterio/IPD-432/Tarea_4/zynq_vitis_corpocessor/design_1_wrapper/export/design_1_wrapper/hw/design_1_wrapper.xsa'.
01:52:39 INFO  : 'configparams force-mem-access 1' command is executed.
01:52:39 INFO  : Context for 'APU' is selected.
01:52:39 INFO  : Sourcing of 'E:/Magisterio/IPD-432/Tarea_4/zynq_vitis_corpocessor/zynq_coprocessor/_ide/psinit/ps7_init.tcl' is done.
01:52:39 INFO  : 'ps7_init' command is executed.
01:52:39 INFO  : 'ps7_post_config' command is executed.
01:52:39 INFO  : Context for processor 'ps7_cortexa9_0' is selected.
01:52:40 INFO  : The application 'E:/Magisterio/IPD-432/Tarea_4/zynq_vitis_corpocessor/zynq_coprocessor/Debug/zynq_coprocessor.elf' is downloaded to processor 'ps7_cortexa9_0'.
01:52:40 INFO  : 'configparams force-mem-access 0' command is executed.
01:52:40 INFO  : ----------------XSDB Script----------------
connect -url tcp:127.0.0.1:3121
targets -set -nocase -filter {name =~"APU*"}
rst -system
after 3000
targets -set -filter {jtag_cable_name =~ "Digilent Zybo 210279A428F5A" && level==0 && jtag_device_ctx=="jsn-Zybo-210279A428F5A-13722093-0"}
fpga -file E:/Magisterio/IPD-432/Tarea_4/zynq_vitis_corpocessor/zynq_coprocessor/_ide/bitstream/design_1_wrapper.bit
targets -set -nocase -filter {name =~"APU*"}
loadhw -hw E:/Magisterio/IPD-432/Tarea_4/zynq_vitis_corpocessor/design_1_wrapper/export/design_1_wrapper/hw/design_1_wrapper.xsa -mem-ranges [list {0x40000000 0xbfffffff}] -regs
configparams force-mem-access 1
targets -set -nocase -filter {name =~"APU*"}
source E:/Magisterio/IPD-432/Tarea_4/zynq_vitis_corpocessor/zynq_coprocessor/_ide/psinit/ps7_init.tcl
ps7_init
ps7_post_config
targets -set -nocase -filter {name =~ "*A9*#0"}
dow E:/Magisterio/IPD-432/Tarea_4/zynq_vitis_corpocessor/zynq_coprocessor/Debug/zynq_coprocessor.elf
configparams force-mem-access 0
----------------End of Script----------------

01:52:40 INFO  : Context for processor 'ps7_cortexa9_0' is selected.
01:52:40 INFO  : 'con' command is executed.
01:52:40 INFO  : ----------------XSDB Script (After Launch)----------------
targets -set -nocase -filter {name =~ "*A9*#0"}
con
----------------End of Script----------------

01:52:40 INFO  : Launch script is exported to file 'E:\Magisterio\IPD-432\Tarea_4\zynq_vitis_corpocessor\zynq_coprocessor_system\_ide\scripts\systemdebugger_zynq_coprocessor_system_standalone.tcl'
01:52:42 INFO  : Disconnected from the channel tcfchan#9.
01:52:51 INFO  : Checking for BSP changes to sync application flags for project 'zynq_coprocessor'...
01:55:18 INFO  : Checking for BSP changes to sync application flags for project 'zynq_coprocessor'...
01:55:45 INFO  : Checking for BSP changes to sync application flags for project 'zynq_coprocessor'...
01:56:25 INFO  : Checking for BSP changes to sync application flags for project 'zynq_coprocessor'...
02:00:05 INFO  : Checking for BSP changes to sync application flags for project 'zynq_coprocessor'...
02:00:52 INFO  : Checking for BSP changes to sync application flags for project 'zynq_coprocessor'...
02:00:59 INFO  : Checking for BSP changes to sync application flags for project 'zynq_coprocessor'...
02:01:37 INFO  : Checking for BSP changes to sync application flags for project 'zynq_coprocessor'...
02:02:11 INFO  : Checking for BSP changes to sync application flags for project 'zynq_coprocessor'...
02:03:37 INFO  : Checking for BSP changes to sync application flags for project 'zynq_coprocessor'...
02:03:51 INFO  : Connected to target on host '127.0.0.1' and port '3121'.
02:03:52 INFO  : Jtag cable 'Digilent Zybo 210279A428F5A' is selected.
02:03:52 INFO  : 'jtag frequency' command is executed.
02:03:52 INFO  : Context for 'APU' is selected.
02:03:52 INFO  : System reset is completed.
02:03:55 INFO  : 'after 3000' command is executed.
02:03:55 INFO  : 'targets -set -filter {jtag_cable_name =~ "Digilent Zybo 210279A428F5A" && level==0 && jtag_device_ctx=="jsn-Zybo-210279A428F5A-13722093-0"}' command is executed.
02:03:56 INFO  : Device configured successfully with "E:/Magisterio/IPD-432/Tarea_4/zynq_vitis_corpocessor/zynq_coprocessor/_ide/bitstream/design_1_wrapper.bit"
02:03:56 INFO  : Context for 'APU' is selected.
02:03:56 INFO  : Hardware design and registers information is loaded from 'E:/Magisterio/IPD-432/Tarea_4/zynq_vitis_corpocessor/design_1_wrapper/export/design_1_wrapper/hw/design_1_wrapper.xsa'.
02:03:56 INFO  : 'configparams force-mem-access 1' command is executed.
02:03:56 INFO  : Context for 'APU' is selected.
02:03:56 INFO  : Sourcing of 'E:/Magisterio/IPD-432/Tarea_4/zynq_vitis_corpocessor/zynq_coprocessor/_ide/psinit/ps7_init.tcl' is done.
02:03:57 INFO  : 'ps7_init' command is executed.
02:03:57 INFO  : 'ps7_post_config' command is executed.
02:03:57 INFO  : Context for processor 'ps7_cortexa9_0' is selected.
02:03:57 INFO  : The application 'E:/Magisterio/IPD-432/Tarea_4/zynq_vitis_corpocessor/zynq_coprocessor/Debug/zynq_coprocessor.elf' is downloaded to processor 'ps7_cortexa9_0'.
02:03:58 INFO  : 'configparams force-mem-access 0' command is executed.
02:03:58 INFO  : ----------------XSDB Script----------------
connect -url tcp:127.0.0.1:3121
targets -set -nocase -filter {name =~"APU*"}
rst -system
after 3000
targets -set -filter {jtag_cable_name =~ "Digilent Zybo 210279A428F5A" && level==0 && jtag_device_ctx=="jsn-Zybo-210279A428F5A-13722093-0"}
fpga -file E:/Magisterio/IPD-432/Tarea_4/zynq_vitis_corpocessor/zynq_coprocessor/_ide/bitstream/design_1_wrapper.bit
targets -set -nocase -filter {name =~"APU*"}
loadhw -hw E:/Magisterio/IPD-432/Tarea_4/zynq_vitis_corpocessor/design_1_wrapper/export/design_1_wrapper/hw/design_1_wrapper.xsa -mem-ranges [list {0x40000000 0xbfffffff}] -regs
configparams force-mem-access 1
targets -set -nocase -filter {name =~"APU*"}
source E:/Magisterio/IPD-432/Tarea_4/zynq_vitis_corpocessor/zynq_coprocessor/_ide/psinit/ps7_init.tcl
ps7_init
ps7_post_config
targets -set -nocase -filter {name =~ "*A9*#0"}
dow E:/Magisterio/IPD-432/Tarea_4/zynq_vitis_corpocessor/zynq_coprocessor/Debug/zynq_coprocessor.elf
configparams force-mem-access 0
----------------End of Script----------------

02:03:58 INFO  : Context for processor 'ps7_cortexa9_0' is selected.
02:03:58 INFO  : 'con' command is executed.
02:03:58 INFO  : ----------------XSDB Script (After Launch)----------------
targets -set -nocase -filter {name =~ "*A9*#0"}
con
----------------End of Script----------------

02:03:58 INFO  : Launch script is exported to file 'E:\Magisterio\IPD-432\Tarea_4\zynq_vitis_corpocessor\zynq_coprocessor_system\_ide\scripts\debugger_zynq_coprocessor-default.tcl'
02:07:25 INFO  : Disconnected from the channel tcfchan#10.
02:07:29 INFO  : Checking for BSP changes to sync application flags for project 'zynq_coprocessor'...
02:07:48 INFO  : Checking for BSP changes to sync application flags for project 'zynq_coprocessor'...
02:07:58 INFO  : Connected to target on host '127.0.0.1' and port '3121'.
02:07:58 INFO  : Jtag cable 'Digilent Zybo 210279A428F5A' is selected.
02:07:58 INFO  : 'jtag frequency' command is executed.
02:07:58 INFO  : Context for 'APU' is selected.
02:07:58 INFO  : System reset is completed.
02:08:02 INFO  : 'after 3000' command is executed.
02:08:02 INFO  : 'targets -set -filter {jtag_cable_name =~ "Digilent Zybo 210279A428F5A" && level==0 && jtag_device_ctx=="jsn-Zybo-210279A428F5A-13722093-0"}' command is executed.
02:08:03 INFO  : Device configured successfully with "E:/Magisterio/IPD-432/Tarea_4/zynq_vitis_corpocessor/zynq_coprocessor/_ide/bitstream/design_1_wrapper.bit"
02:08:03 INFO  : Context for 'APU' is selected.
02:08:03 INFO  : Hardware design and registers information is loaded from 'E:/Magisterio/IPD-432/Tarea_4/zynq_vitis_corpocessor/design_1_wrapper/export/design_1_wrapper/hw/design_1_wrapper.xsa'.
02:08:03 INFO  : 'configparams force-mem-access 1' command is executed.
02:08:03 INFO  : Context for 'APU' is selected.
02:08:03 INFO  : Sourcing of 'E:/Magisterio/IPD-432/Tarea_4/zynq_vitis_corpocessor/zynq_coprocessor/_ide/psinit/ps7_init.tcl' is done.
02:08:04 INFO  : 'ps7_init' command is executed.
02:08:04 INFO  : 'ps7_post_config' command is executed.
02:08:04 INFO  : Context for processor 'ps7_cortexa9_0' is selected.
02:08:04 INFO  : The application 'E:/Magisterio/IPD-432/Tarea_4/zynq_vitis_corpocessor/zynq_coprocessor/Debug/zynq_coprocessor.elf' is downloaded to processor 'ps7_cortexa9_0'.
02:08:04 INFO  : 'configparams force-mem-access 0' command is executed.
02:08:04 INFO  : ----------------XSDB Script----------------
connect -url tcp:127.0.0.1:3121
targets -set -nocase -filter {name =~"APU*"}
rst -system
after 3000
targets -set -filter {jtag_cable_name =~ "Digilent Zybo 210279A428F5A" && level==0 && jtag_device_ctx=="jsn-Zybo-210279A428F5A-13722093-0"}
fpga -file E:/Magisterio/IPD-432/Tarea_4/zynq_vitis_corpocessor/zynq_coprocessor/_ide/bitstream/design_1_wrapper.bit
targets -set -nocase -filter {name =~"APU*"}
loadhw -hw E:/Magisterio/IPD-432/Tarea_4/zynq_vitis_corpocessor/design_1_wrapper/export/design_1_wrapper/hw/design_1_wrapper.xsa -mem-ranges [list {0x40000000 0xbfffffff}] -regs
configparams force-mem-access 1
targets -set -nocase -filter {name =~"APU*"}
source E:/Magisterio/IPD-432/Tarea_4/zynq_vitis_corpocessor/zynq_coprocessor/_ide/psinit/ps7_init.tcl
ps7_init
ps7_post_config
targets -set -nocase -filter {name =~ "*A9*#0"}
dow E:/Magisterio/IPD-432/Tarea_4/zynq_vitis_corpocessor/zynq_coprocessor/Debug/zynq_coprocessor.elf
configparams force-mem-access 0
----------------End of Script----------------

02:08:04 INFO  : Context for processor 'ps7_cortexa9_0' is selected.
02:08:04 INFO  : 'con' command is executed.
02:08:04 INFO  : ----------------XSDB Script (After Launch)----------------
targets -set -nocase -filter {name =~ "*A9*#0"}
con
----------------End of Script----------------

02:08:04 INFO  : Launch script is exported to file 'E:\Magisterio\IPD-432\Tarea_4\zynq_vitis_corpocessor\zynq_coprocessor_system\_ide\scripts\debugger_zynq_coprocessor-default.tcl'
02:08:27 INFO  : Checking for BSP changes to sync application flags for project 'zynq_coprocessor'...
02:08:38 INFO  : Disconnected from the channel tcfchan#11.
02:08:39 INFO  : Connected to target on host '127.0.0.1' and port '3121'.
02:08:48 INFO  : ----------------XSDB Script----------------
connect -url tcp:127.0.0.1:3121
----------------End of Script----------------

02:08:48 ERROR : Could not find ARM device on the board for connection 'Local'.
Check if the target is in:
1. Split JTAG - No operations are possible with ARM DAP.
2. Non JTAG bootmode - Bootrom may need time to enable DAP.
Please try again.


Troubleshooting hints:
1. Check whether board is connected to system properly.
2. In case of zynq board, check whether Digilent/Xilinx cable switch settings are correct.
3. If you are using Xilinx Platform Cable USB, ensure that status LED is green.
02:08:54 INFO  : Connected to target on host '127.0.0.1' and port '3121'.
02:08:54 INFO  : Jtag cable 'Digilent Zybo 210279A428F5A' is selected.
02:08:54 INFO  : 'jtag frequency' command is executed.
02:08:54 INFO  : Context for 'APU' is selected.
02:08:54 INFO  : System reset is completed.
02:08:57 INFO  : 'after 3000' command is executed.
02:08:57 INFO  : 'targets -set -filter {jtag_cable_name =~ "Digilent Zybo 210279A428F5A" && level==0 && jtag_device_ctx=="jsn-Zybo-210279A428F5A-13722093-0"}' command is executed.
02:08:59 INFO  : Device configured successfully with "E:/Magisterio/IPD-432/Tarea_4/zynq_vitis_corpocessor/zynq_coprocessor/_ide/bitstream/design_1_wrapper.bit"
02:08:59 INFO  : Context for 'APU' is selected.
02:08:59 INFO  : Hardware design and registers information is loaded from 'E:/Magisterio/IPD-432/Tarea_4/zynq_vitis_corpocessor/design_1_wrapper/export/design_1_wrapper/hw/design_1_wrapper.xsa'.
02:08:59 INFO  : 'configparams force-mem-access 1' command is executed.
02:08:59 INFO  : Context for 'APU' is selected.
02:08:59 INFO  : Sourcing of 'E:/Magisterio/IPD-432/Tarea_4/zynq_vitis_corpocessor/zynq_coprocessor/_ide/psinit/ps7_init.tcl' is done.
02:08:59 INFO  : 'ps7_init' command is executed.
02:08:59 INFO  : 'ps7_post_config' command is executed.
02:08:59 INFO  : Context for processor 'ps7_cortexa9_0' is selected.
02:09:00 INFO  : The application 'E:/Magisterio/IPD-432/Tarea_4/zynq_vitis_corpocessor/zynq_coprocessor/Debug/zynq_coprocessor.elf' is downloaded to processor 'ps7_cortexa9_0'.
02:09:00 INFO  : 'configparams force-mem-access 0' command is executed.
02:09:00 INFO  : ----------------XSDB Script----------------
connect -url tcp:127.0.0.1:3121
targets -set -nocase -filter {name =~"APU*"}
rst -system
after 3000
targets -set -filter {jtag_cable_name =~ "Digilent Zybo 210279A428F5A" && level==0 && jtag_device_ctx=="jsn-Zybo-210279A428F5A-13722093-0"}
fpga -file E:/Magisterio/IPD-432/Tarea_4/zynq_vitis_corpocessor/zynq_coprocessor/_ide/bitstream/design_1_wrapper.bit
targets -set -nocase -filter {name =~"APU*"}
loadhw -hw E:/Magisterio/IPD-432/Tarea_4/zynq_vitis_corpocessor/design_1_wrapper/export/design_1_wrapper/hw/design_1_wrapper.xsa -mem-ranges [list {0x40000000 0xbfffffff}] -regs
configparams force-mem-access 1
targets -set -nocase -filter {name =~"APU*"}
source E:/Magisterio/IPD-432/Tarea_4/zynq_vitis_corpocessor/zynq_coprocessor/_ide/psinit/ps7_init.tcl
ps7_init
ps7_post_config
targets -set -nocase -filter {name =~ "*A9*#0"}
dow E:/Magisterio/IPD-432/Tarea_4/zynq_vitis_corpocessor/zynq_coprocessor/Debug/zynq_coprocessor.elf
configparams force-mem-access 0
----------------End of Script----------------

02:09:00 INFO  : Context for processor 'ps7_cortexa9_0' is selected.
02:09:00 INFO  : 'con' command is executed.
02:09:00 INFO  : ----------------XSDB Script (After Launch)----------------
targets -set -nocase -filter {name =~ "*A9*#0"}
con
----------------End of Script----------------

02:09:00 INFO  : Launch script is exported to file 'E:\Magisterio\IPD-432\Tarea_4\zynq_vitis_corpocessor\zynq_coprocessor_system\_ide\scripts\debugger_zynq_coprocessor-default.tcl'
02:10:18 INFO  : Disconnected from the channel tcfchan#12.
02:10:27 INFO  : Connected to target on host '127.0.0.1' and port '3121'.
02:10:27 INFO  : Jtag cable 'Digilent Zybo 210279A428F5A' is selected.
02:10:27 INFO  : 'jtag frequency' command is executed.
02:10:27 INFO  : Context for 'APU' is selected.
02:10:27 INFO  : System reset is completed.
02:10:30 INFO  : 'after 3000' command is executed.
02:10:30 INFO  : 'targets -set -filter {jtag_cable_name =~ "Digilent Zybo 210279A428F5A" && level==0 && jtag_device_ctx=="jsn-Zybo-210279A428F5A-13722093-0"}' command is executed.
02:10:31 INFO  : Device configured successfully with "E:/Magisterio/IPD-432/Tarea_4/zynq_vitis_corpocessor/zynq_coprocessor/_ide/bitstream/design_1_wrapper.bit"
02:10:32 INFO  : Context for 'APU' is selected.
02:10:32 INFO  : Hardware design and registers information is loaded from 'E:/Magisterio/IPD-432/Tarea_4/zynq_vitis_corpocessor/design_1_wrapper/export/design_1_wrapper/hw/design_1_wrapper.xsa'.
02:10:32 INFO  : 'configparams force-mem-access 1' command is executed.
02:10:32 INFO  : Context for 'APU' is selected.
02:10:32 INFO  : Sourcing of 'E:/Magisterio/IPD-432/Tarea_4/zynq_vitis_corpocessor/zynq_coprocessor/_ide/psinit/ps7_init.tcl' is done.
02:10:32 INFO  : 'ps7_init' command is executed.
02:10:32 INFO  : 'ps7_post_config' command is executed.
02:10:32 INFO  : Context for processor 'ps7_cortexa9_0' is selected.
02:10:33 INFO  : The application 'E:/Magisterio/IPD-432/Tarea_4/zynq_vitis_corpocessor/zynq_coprocessor/Debug/zynq_coprocessor.elf' is downloaded to processor 'ps7_cortexa9_0'.
02:10:33 INFO  : 'configparams force-mem-access 0' command is executed.
02:10:33 INFO  : ----------------XSDB Script----------------
connect -url tcp:127.0.0.1:3121
targets -set -nocase -filter {name =~"APU*"}
rst -system
after 3000
targets -set -filter {jtag_cable_name =~ "Digilent Zybo 210279A428F5A" && level==0 && jtag_device_ctx=="jsn-Zybo-210279A428F5A-13722093-0"}
fpga -file E:/Magisterio/IPD-432/Tarea_4/zynq_vitis_corpocessor/zynq_coprocessor/_ide/bitstream/design_1_wrapper.bit
targets -set -nocase -filter {name =~"APU*"}
loadhw -hw E:/Magisterio/IPD-432/Tarea_4/zynq_vitis_corpocessor/design_1_wrapper/export/design_1_wrapper/hw/design_1_wrapper.xsa -mem-ranges [list {0x40000000 0xbfffffff}] -regs
configparams force-mem-access 1
targets -set -nocase -filter {name =~"APU*"}
source E:/Magisterio/IPD-432/Tarea_4/zynq_vitis_corpocessor/zynq_coprocessor/_ide/psinit/ps7_init.tcl
ps7_init
ps7_post_config
targets -set -nocase -filter {name =~ "*A9*#0"}
dow E:/Magisterio/IPD-432/Tarea_4/zynq_vitis_corpocessor/zynq_coprocessor/Debug/zynq_coprocessor.elf
configparams force-mem-access 0
----------------End of Script----------------

02:10:33 INFO  : Context for processor 'ps7_cortexa9_0' is selected.
02:10:33 INFO  : 'con' command is executed.
02:10:33 INFO  : ----------------XSDB Script (After Launch)----------------
targets -set -nocase -filter {name =~ "*A9*#0"}
con
----------------End of Script----------------

02:10:33 INFO  : Launch script is exported to file 'E:\Magisterio\IPD-432\Tarea_4\zynq_vitis_corpocessor\zynq_coprocessor_system\_ide\scripts\systemdebugger_zynq_coprocessor_system_standalone.tcl'
02:15:50 INFO  : Disconnected from the channel tcfchan#13.
